
> dev
> cross-env UMI_DEV_SERVER_COMPRESS=none umi dev

info  - [你知道吗？] @umijs/max 和 umi 如何选择？max 内置了很多好用的插件，即开即用，而 umi 也可以手动配置插件，独立使用，详见 https://umijs.org/docs/guides/use-plugins
info  - Umi v4.2.3
info  - Preparing...
info  - [icons] generate icons local:google, local:github
info  - [plugin: ./node_modules/@umijs/plugins/dist/tailwindcss] tailwindcss service started
info  - [icons] generate icons local:google, local:github
info  - [icons] generate icons local:google, local:github
node:events:495
      throw er; // Unhandled 'error' event
      ^

Error: EBADF: bad file descriptor, read
Emitted 'error' event on ReadStream instance at:
    at emitErrorNT (node:internal/streams/destroy:151:8)
    at errorOrDestroy (node:internal/streams/destroy:214:7)
    at node:internal/fs/streams:260:9
    at FSReqCallback.wrapper [as oncomplete] (node:fs:677:5) {
  errno: -9,
  code: 'EBADF',
  syscall: 'read'
}

Node.js v18.20.5
Browserslist: caniuse-lite is outdated. Please run:
  npx update-browserslist-db@latest
  Why you should do it regularly: https://github.com/browserslist/update-db#readme
info  - [MFSU][eager] worker init, takes 1512ms
error - [plugin: ./node_modules/@umijs/plugins/dist/tailwindcss] tailwindcss generate failed after 5 seconds, please check your tailwind.css and tailwind.config.js
